20190117-10:11:29.900	=OpenTdx=
20190117-10:11:29.906	=LogonEx= 56,121.43.74.163:7708,51303703
20190117-10:11:29.907	=CheckLicense= 56,121.43.74.163:7708,51303703
20190117-10:11:34.906	=QueryData= nClientID = 1 [0]
20190117-10:13:06.309	=SendOrder= nClientID = 1[0,0,A407057371,600600,32.550,100]
20190117-10:13:34.889	=QueryData= nClientID = 1 [0]
20190117-10:14:09.777	=CancelOrder= nClientID = 1 [1,A407057371,600600,127]
20190117-10:14:47.808	=QueryData= nClientID = 1 [2]
20190117-10:15:34.893	=QueryData= nClientID = 1 [0]
20190117-10:17:34.897	=QueryData= nClientID = 1 [0]
20190117-10:18:24.794	=QueryData= nClientID = 1 [4]
20190117-10:18:39.369	=SendOrder= nClientID = 1[0,0,A407057371,600600,33.000,100]
20190117-10:19:13.697	=QueryData= nClientID = 1 [4]
20190117-10:19:34.900	=QueryData= nClientID = 1 [0]
20190117-10:19:59.220	=CancelOrder= nClientID = 1 [1,A407057371,600600,140]
20190117-10:21:34.935	=QueryData= nClientID = 1 [0]
20190117-10:23:34.908	=QueryData= nClientID = 1 [0]
20190117-10:25:34.912	=QueryData= nClientID = 1 [0]
20190117-10:27:34.914	=QueryData= nClientID = 1 [0]
20190117-10:29:34.999	=QueryData= nClientID = 1 [0]
20190117-10:31:34.922	=QueryData= nClientID = 1 [0]
20190117-10:33:34.926	=QueryData= nClientID = 1 [0]
20190117-10:35:34.929	=QueryData= nClientID = 1 [0]
20190117-10:37:13.835	=SendOrder= nClientID = 1[0,0,A407057371,600600,30.000,100]
20190117-10:37:34.933	=QueryData= nClientID = 1 [0]
20190117-10:39:34.937	=QueryData= nClientID = 1 [0]
20190117-10:40:36.460	=QueryData= nClientID = 1 [2]
20190117-10:41:19.125	=SendOrder= nClientID = 1[0,0,A407057371,600600,33.000,100]
20190117-10:41:34.957	=QueryData= nClientID = 1 [0]
20190117-10:43:34.943	=QueryData= nClientID = 1 [0]
20190117-10:45:34.947	=QueryData= nClientID = 1 [0]
20190117-10:47:34.951	=QueryData= nClientID = 1 [0]
20190117-10:49:34.955	=QueryData= nClientID = 1 [0]
20190117-10:51:34.959	=QueryData= nClientID = 1 [0]
20190117-10:53:34.962	=QueryData= nClientID = 1 [0]
20190117-10:55:34.965	=QueryData= nClientID = 1 [0]
20190117-10:57:34.968	=QueryData= nClientID = 1 [0]
20190117-10:59:34.972	=QueryData= nClientID = 1 [0]
20190117-11:01:34.977	=QueryData= nClientID = 1 [0]
20190117-11:03:34.980	=QueryData= nClientID = 1 [0]
20190117-11:05:34.986	=QueryData= nClientID = 1 [0]
20190117-11:07:34.987	=QueryData= nClientID = 1 [0]
20190117-11:09:34.991	=QueryData= nClientID = 1 [0]
20190117-11:11:34.993	=QueryData= nClientID = 1 [0]
20190117-11:13:34.998	=QueryData= nClientID = 1 [0]
20190117-11:15:35.001	=QueryData= nClientID = 1 [0]
20190117-11:17:35.005	=QueryData= nClientID = 1 [0]
20190117-11:19:35.008	=QueryData= nClientID = 1 [0]
20190117-11:21:35.012	=QueryData= nClientID = 1 [0]
20190117-11:23:35.017	=QueryData= nClientID = 1 [0]
20190117-11:25:35.020	=QueryData= nClientID = 1 [0]
20190117-11:27:35.022	=QueryData= nClientID = 1 [0]
20190117-11:29:35.027	=QueryData= nClientID = 1 [0]
20190117-11:31:35.032	=QueryData= nClientID = 1 [0]
20190117-11:33:14.629	=QueryData= nClientID = 1 [3]
20190117-11:33:35.036	=QueryData= nClientID = 1 [0]
20190117-11:35:35.037	=QueryData= nClientID = 1 [0]
20190117-11:37:35.041	=QueryData= nClientID = 1 [0]
20190117-11:39:35.044	=QueryData= nClientID = 1 [0]
20190117-11:41:35.048	=QueryData= nClientID = 1 [0]
20190117-11:43:35.076	=QueryData= nClientID = 1 [0]
20190117-11:45:35.060	=QueryData= nClientID = 1 [0]
20190117-11:47:35.059	=QueryData= nClientID = 1 [0]
20190117-11:49:35.062	=QueryData= nClientID = 1 [0]
20190117-11:51:35.067	=QueryData= nClientID = 1 [0]
20190117-11:53:35.071	=QueryData= nClientID = 1 [0]
20190117-11:55:35.073	=QueryData= nClientID = 1 [0]
20190117-11:57:35.076	=QueryData= nClientID = 1 [0]
20190117-11:59:35.080	=QueryData= nClientID = 1 [0]
20190117-12:01:35.084	=QueryData= nClientID = 1 [0]
20190117-12:03:35.089	=QueryData= nClientID = 1 [0]
20190117-12:05:35.091	=QueryData= nClientID = 1 [0]
20190117-12:07:35.095	=QueryData= nClientID = 1 [0]
20190117-12:09:35.098	=QueryData= nClientID = 1 [0]
20190117-12:11:35.104	=QueryData= nClientID = 1 [0]
20190117-12:13:35.106	=QueryData= nClientID = 1 [0]
20190117-12:15:35.109	=QueryData= nClientID = 1 [0]
20190117-12:17:35.114	=QueryData= nClientID = 1 [0]
20190117-12:19:35.116	=QueryData= nClientID = 1 [0]
20190117-12:21:35.120	=QueryData= nClientID = 1 [0]
20190117-12:23:35.126	=QueryData= nClientID = 1 [0]
20190117-12:25:35.127	=QueryData= nClientID = 1 [0]
20190117-12:27:35.130	=QueryData= nClientID = 1 [0]
20190117-12:29:35.134	=QueryData= nClientID = 1 [0]
20190117-12:31:35.138	=QueryData= nClientID = 1 [0]
20190117-12:33:35.142	=QueryData= nClientID = 1 [0]
20190117-12:35:35.147	=QueryData= nClientID = 1 [0]
20190117-12:37:35.149	=QueryData= nClientID = 1 [0]
20190117-12:39:35.154	=QueryData= nClientID = 1 [0]
20190117-12:41:35.155	=QueryData= nClientID = 1 [0]
20190117-12:43:35.163	=QueryData= nClientID = 1 [0]
20190117-12:45:35.163	=QueryData= nClientID = 1 [0]
20190117-12:47:35.170	=QueryData= nClientID = 1 [0]
20190117-12:49:35.171	=QueryData= nClientID = 1 [0]
20190117-12:51:35.176	=QueryData= nClientID = 1 [0]
20190117-12:53:35.177	=QueryData= nClientID = 1 [0]
20190117-12:55:35.183	=QueryData= nClientID = 1 [0]
20190117-12:57:35.184	=QueryData= nClientID = 1 [0]
20190117-12:59:35.190	=QueryData= nClientID = 1 [0]
20190117-13:01:35.192	=QueryData= nClientID = 1 [0]
20190117-13:03:35.202	=QueryData= nClientID = 1 [0]
20190117-13:05:35.199	=QueryData= nClientID = 1 [0]
20190117-13:07:35.203	=QueryData= nClientID = 1 [0]
20190117-13:09:35.206	=QueryData= nClientID = 1 [0]
20190117-13:11:35.210	=QueryData= nClientID = 1 [0]
20190117-13:13:35.213	=QueryData= nClientID = 1 [0]
20190117-13:15:35.217	=QueryData= nClientID = 1 [0]
20190117-13:17:35.221	=QueryData= nClientID = 1 [0]
20190117-13:19:35.225	=QueryData= nClientID = 1 [0]
20190117-13:21:35.228	=QueryData= nClientID = 1 [0]
20190117-13:23:35.231	=QueryData= nClientID = 1 [0]
20190117-13:25:35.235	=QueryData= nClientID = 1 [0]
20190117-13:27:35.238	=QueryData= nClientID = 1 [0]
20190117-13:29:35.242	=QueryData= nClientID = 1 [0]
20190117-13:31:35.247	=QueryData= nClientID = 1 [0]
20190117-13:33:35.250	=QueryData= nClientID = 1 [0]
20190117-13:35:35.253	=QueryData= nClientID = 1 [0]
20190117-13:37:35.256	=QueryData= nClientID = 1 [0]
20190117-13:39:35.260	=QueryData= nClientID = 1 [0]
20190117-13:41:35.264	=QueryData= nClientID = 1 [0]
20190117-13:43:35.267	=QueryData= nClientID = 1 [0]
20190117-13:45:35.271	=QueryData= nClientID = 1 [0]
20190117-13:47:35.276	=QueryData= nClientID = 1 [0]
20190117-13:49:35.279	=QueryData= nClientID = 1 [0]
20190117-13:51:35.282	=QueryData= nClientID = 1 [0]
20190117-13:53:35.285	=QueryData= nClientID = 1 [0]
20190117-13:55:35.289	=QueryData= nClientID = 1 [0]
20190117-13:57:35.294	=QueryData= nClientID = 1 [0]
20190117-13:59:35.296	=QueryData= nClientID = 1 [0]
20190117-14:01:35.302	=QueryData= nClientID = 1 [0]
20190117-14:03:35.304	=QueryData= nClientID = 1 [0]
20190117-14:05:35.308	=QueryData= nClientID = 1 [0]
20190117-14:07:35.310	=QueryData= nClientID = 1 [0]
20190117-14:09:35.314	=QueryData= nClientID = 1 [0]
20190117-14:11:35.318	=QueryData= nClientID = 1 [0]
20190117-14:13:35.323	=QueryData= nClientID = 1 [0]
20190117-14:15:35.330	=QueryData= nClientID = 1 [0]
20190117-14:17:35.330	=QueryData= nClientID = 1 [0]
20190117-14:19:35.333	=QueryData= nClientID = 1 [0]
20190117-14:21:35.336	=QueryData= nClientID = 1 [0]
20190117-14:23:35.339	=QueryData= nClientID = 1 [0]
20190117-14:25:35.345	=QueryData= nClientID = 1 [0]
20190117-14:27:35.350	=QueryData= nClientID = 1 [0]
20190117-14:29:35.350	=QueryData= nClientID = 1 [0]
20190117-14:31:35.354	=QueryData= nClientID = 1 [0]
20190117-14:33:35.358	=QueryData= nClientID = 1 [0]
20190117-14:35:35.361	=QueryData= nClientID = 1 [0]
20190117-14:37:35.364	=QueryData= nClientID = 1 [0]
20190117-14:39:35.368	=QueryData= nClientID = 1 [0]
20190117-14:41:35.372	=QueryData= nClientID = 1 [0]
20190117-14:43:35.375	=QueryData= nClientID = 1 [0]
20190117-14:45:35.379	=QueryData= nClientID = 1 [0]
20190117-14:47:35.382	=QueryData= nClientID = 1 [0]
20190117-14:49:35.387	=QueryData= nClientID = 1 [0]
20190117-14:51:35.389	=QueryData= nClientID = 1 [0]
20190117-14:53:35.393	=QueryData= nClientID = 1 [0]
20190117-14:55:35.398	=QueryData= nClientID = 1 [0]
20190117-14:57:35.401	=QueryData= nClientID = 1 [0]
20190117-14:59:35.404	=QueryData= nClientID = 1 [0]
20190117-15:01:35.408	=QueryData= nClientID = 1 [0]
20190117-15:03:35.412	=QueryData= nClientID = 1 [0]
20190117-15:05:35.414	=QueryData= nClientID = 1 [0]
20190117-15:07:35.418	=QueryData= nClientID = 1 [0]
20190117-15:09:35.422	=QueryData= nClientID = 1 [0]
20190117-15:11:35.426	=QueryData= nClientID = 1 [0]
20190117-15:13:35.429	=QueryData= nClientID = 1 [0]
20190117-15:15:35.435	=QueryData= nClientID = 1 [0]
20190117-15:17:35.437	=QueryData= nClientID = 1 [0]
20190117-15:19:35.441	=QueryData= nClientID = 1 [0]
20190117-15:21:35.443	=QueryData= nClientID = 1 [0]
20190117-15:23:35.447	=QueryData= nClientID = 1 [0]
20190117-15:25:35.451	=QueryData= nClientID = 1 [0]
20190117-15:27:35.455	=QueryData= nClientID = 1 [0]
20190117-15:29:35.458	=QueryData= nClientID = 1 [0]
20190117-15:31:35.463	=QueryData= nClientID = 1 [0]
20190117-15:33:35.466	=QueryData= nClientID = 1 [0]
20190117-15:35:35.469	=QueryData= nClientID = 1 [0]
20190117-15:37:35.472	=QueryData= nClientID = 1 [0]
20190117-15:39:35.476	=QueryData= nClientID = 1 [0]
20190117-15:41:35.480	=QueryData= nClientID = 1 [0]
20190117-15:43:35.483	=QueryData= nClientID = 1 [0]
20190117-15:45:35.487	=QueryData= nClientID = 1 [0]
20190117-15:47:35.491	=QueryData= nClientID = 1 [0]
20190117-15:49:35.494	=QueryData= nClientID = 1 [0]
20190117-15:51:35.497	=QueryData= nClientID = 1 [0]
20190117-15:53:35.501	=QueryData= nClientID = 1 [0]
20190117-15:55:35.505	=QueryData= nClientID = 1 [0]
20190117-15:57:35.509	=QueryData= nClientID = 1 [0]
20190117-15:59:35.514	=QueryData= nClientID = 1 [0]
20190117-16:01:35.516	=QueryData= nClientID = 1 [0]
20190117-16:03:35.520	=QueryData= nClientID = 1 [0]
20190117-16:05:35.523	=QueryData= nClientID = 1 [0]
20190117-16:07:35.526	=QueryData= nClientID = 1 [0]
20190117-16:09:35.530	=QueryData= nClientID = 1 [0]
20190117-16:11:35.534	=QueryData= nClientID = 1 [0]
20190117-16:13:35.539	=QueryData= nClientID = 1 [0]
20190117-16:15:35.541	=QueryData= nClientID = 1 [0]
20190117-16:17:35.545	=QueryData= nClientID = 1 [0]
20190117-16:19:35.548	=QueryData= nClientID = 1 [0]
20190117-16:21:35.551	=QueryData= nClientID = 1 [0]
20190117-16:23:35.555	=QueryData= nClientID = 1 [0]
20190117-16:25:35.559	=QueryData= nClientID = 1 [0]
20190117-16:27:35.563	=QueryData= nClientID = 1 [0]
20190117-16:29:35.566	=QueryData= nClientID = 1 [0]
20190117-16:31:35.570	=QueryData= nClientID = 1 [0]
20190117-16:32:28.666	=QueryData= nClientID = 1 [4]
20190117-16:33:35.573	=QueryData= nClientID = 1 [0]
20190117-16:35:35.577	=QueryData= nClientID = 1 [0]
20190117-16:37:35.588	=QueryData= nClientID = 1 [0]
20190117-16:39:35.584	=QueryData= nClientID = 1 [0]
20190117-16:41:35.588	=QueryData= nClientID = 1 [0]
20190117-16:43:35.591	=QueryData= nClientID = 1 [0]
20190117-16:45:35.595	=QueryData= nClientID = 1 [0]
20190117-16:47:35.599	=QueryData= nClientID = 1 [0]
20190117-16:49:35.602	=QueryData= nClientID = 1 [0]
20190117-16:51:18.600	=CancelOrder= nClientID = 1 [1,A407057371,600600,140]
20190117-16:51:35.605	=QueryData= nClientID = 1 [0]
20190117-16:53:35.609	=QueryData= nClientID = 1 [0]
20190117-16:55:35.613	=QueryData= nClientID = 1 [0]
20190117-16:57:35.618	=QueryData= nClientID = 1 [0]
20190117-16:59:35.620	=QueryData= nClientID = 1 [0]
20190117-17:01:35.624	=QueryData= nClientID = 1 [0]
20190117-17:03:35.627	=QueryData= nClientID = 1 [0]
20190117-17:05:35.631	=QueryData= nClientID = 1 [0]
20190117-17:07:35.634	=QueryData= nClientID = 1 [0]
20190117-17:09:35.638	=QueryData= nClientID = 1 [0]
20190117-17:11:35.642	=QueryData= nClientID = 1 [0]
20190117-17:13:35.646	=QueryData= nClientID = 1 [0]
20190117-17:15:35.649	=QueryData= nClientID = 1 [0]
20190117-17:17:35.652	=QueryData= nClientID = 1 [0]
20190117-17:19:35.692	=QueryData= nClientID = 1 [0]
20190117-17:21:35.659	=QueryData= nClientID = 1 [0]
20190117-17:23:35.663	=QueryData= nClientID = 1 [0]
20190117-17:25:35.667	=QueryData= nClientID = 1 [0]
20190117-17:27:35.671	=QueryData= nClientID = 1 [0]
20190117-17:29:35.674	=QueryData= nClientID = 1 [0]
20190117-17:31:35.678	=QueryData= nClientID = 1 [0]
20190117-17:33:35.681	=QueryData= nClientID = 1 [0]
20190117-17:35:35.685	=QueryData= nClientID = 1 [0]
20190117-17:37:35.688	=QueryData= nClientID = 1 [0]
20190117-17:39:35.692	=QueryData= nClientID = 1 [0]
20190117-17:41:35.699	=QueryData= nClientID = 1 [0]
20190117-17:43:35.700	=QueryData= nClientID = 1 [0]
20190117-17:45:35.703	=QueryData= nClientID = 1 [0]
20190117-17:47:35.722	=QueryData= nClientID = 1 [0]
20190117-17:49:35.710	=QueryData= nClientID = 1 [0]
20190117-17:51:35.713	=QueryData= nClientID = 1 [0]
20190117-17:54:18.084	=OpenTdx=
20190117-17:54:18.087	=LogonEx= 56,121.43.74.163:7708,51303703
20190117-17:54:18.087	=CheckLicense= 56,121.43.74.163:7708,51303703
20190117-17:54:22.304	=QueryData= nClientID = 1 [0]
20190117-17:56:22.303	=QueryData= nClientID = 1 [0]
20190117-17:58:22.306	=QueryData= nClientID = 1 [0]
20190117-18:00:22.310	=QueryData= nClientID = 1 [0]
20190117-18:02:22.313	=QueryData= nClientID = 1 [0]
20190117-18:04:22.317	=QueryData= nClientID = 1 [0]
20190117-18:06:22.321	=QueryData= nClientID = 1 [0]
20190117-18:08:22.325	=QueryData= nClientID = 1 [0]
20190117-18:10:22.328	=QueryData= nClientID = 1 [0]
20190117-18:12:22.331	=QueryData= nClientID = 1 [0]
20190117-18:14:22.335	=QueryData= nClientID = 1 [0]
20190117-18:16:22.339	=QueryData= nClientID = 1 [0]
20190117-18:18:22.348	=QueryData= nClientID = 1 [0]
20190117-18:20:22.354	=QueryData= nClientID = 1 [0]
20190117-18:22:22.350	=QueryData= nClientID = 1 [0]
20190117-18:24:22.354	=QueryData= nClientID = 1 [0]
20190117-18:26:22.357	=QueryData= nClientID = 1 [0]
20190117-18:28:22.362	=QueryData= nClientID = 1 [0]
20190117-18:30:22.364	=QueryData= nClientID = 1 [0]
20190117-18:32:22.367	=QueryData= nClientID = 1 [0]
20190117-18:34:22.371	=QueryData= nClientID = 1 [0]
20190117-18:36:22.375	=QueryData= nClientID = 1 [0]
20190117-18:38:22.380	=QueryData= nClientID = 1 [0]
20190117-18:40:22.383	=QueryData= nClientID = 1 [0]
20190117-18:42:22.385	=QueryData= nClientID = 1 [0]
20190117-18:44:22.389	=QueryData= nClientID = 1 [0]
