20190116-12:05:41.014	=OpenTdx=
20190116-12:05:41.017	=LogonEx= 56,121.43.74.163:7708,51303703
20190116-12:05:41.018	=CheckLicense= 56,121.43.74.163:7708,51303703
20190116-12:05:46.015	=QueryData= nClientID = 1 [0]
20190116-16:58:23.761	=OpenTdx=
20190116-16:58:23.764	=LogonEx= 56,121.43.74.163:7708,51303703
20190116-16:58:23.764	=CheckLicense= 56,121.43.74.163:7708,51303703
20190116-16:58:28.008	=QueryData= nClientID = 1 [0]
20190116-17:00:28.007	=QueryData= nClientID = 1 [0]
20190116-17:02:28.010	=QueryData= nClientID = 1 [0]
20190116-17:03:27.218	=SendOrder= nClientID = 1[0,0,A407057371,600600,32.800,100]
20190116-17:04:28.013	=QueryData= nClientID = 1 [0]
20190116-17:06:28.016	=QueryData= nClientID = 1 [0]
20190116-17:08:28.020	=QueryData= nClientID = 1 [0]
20190116-17:10:28.023	=QueryData= nClientID = 1 [0]
20190116-17:12:28.026	=QueryData= nClientID = 1 [0]
20190116-17:14:28.028	=QueryData= nClientID = 1 [0]
20190116-17:16:28.032	=QueryData= nClientID = 1 [0]
20190116-17:18:28.035	=QueryData= nClientID = 1 [0]
20190116-17:20:28.038	=QueryData= nClientID = 1 [0]
20190116-17:22:28.042	=QueryData= nClientID = 1 [0]
20190116-17:24:28.045	=QueryData= nClientID = 1 [0]
20190116-17:26:28.050	=QueryData= nClientID = 1 [0]
20190116-17:28:28.050	=QueryData= nClientID = 1 [0]
20190116-17:30:28.054	=QueryData= nClientID = 1 [0]
20190116-17:32:28.057	=QueryData= nClientID = 1 [0]
20190116-17:34:28.060	=QueryData= nClientID = 1 [0]
20190116-17:36:28.065	=QueryData= nClientID = 1 [0]
20190116-17:38:28.068	=QueryData= nClientID = 1 [0]
20190116-17:40:28.070	=QueryData= nClientID = 1 [0]
20190116-17:42:28.093	=QueryData= nClientID = 1 [0]
20190116-17:44:28.076	=QueryData= nClientID = 1 [0]
20190116-17:46:28.079	=QueryData= nClientID = 1 [0]
20190116-17:48:28.086	=QueryData= nClientID = 1 [0]
20190116-17:50:28.086	=QueryData= nClientID = 1 [0]
20190116-17:52:28.091	=QueryData= nClientID = 1 [0]
20190116-17:54:28.092	=QueryData= nClientID = 1 [0]
20190116-17:56:28.106	=QueryData= nClientID = 1 [0]
20190116-17:58:28.098	=QueryData= nClientID = 1 [0]
20190116-18:00:28.102	=QueryData= nClientID = 1 [0]
20190116-18:02:28.108	=QueryData= nClientID = 1 [0]
20190116-18:04:28.108	=QueryData= nClientID = 1 [0]
20190116-18:06:28.111	=QueryData= nClientID = 1 [0]
20190116-18:08:28.114	=QueryData= nClientID = 1 [0]
20190116-18:10:28.118	=QueryData= nClientID = 1 [0]
20190116-18:12:28.120	=QueryData= nClientID = 1 [0]
20190116-18:14:28.123	=QueryData= nClientID = 1 [0]
20190116-18:16:28.126	=QueryData= nClientID = 1 [0]
20190116-18:18:28.130	=QueryData= nClientID = 1 [0]
20190116-18:20:28.133	=QueryData= nClientID = 1 [0]
20190116-18:22:28.136	=QueryData= nClientID = 1 [0]
20190116-18:24:28.140	=QueryData= nClientID = 1 [0]
20190116-18:26:28.143	=QueryData= nClientID = 1 [0]
20190116-18:28:28.146	=QueryData= nClientID = 1 [0]
20190116-18:30:28.149	=QueryData= nClientID = 1 [0]
20190116-18:32:28.152	=QueryData= nClientID = 1 [0]
20190116-18:34:28.155	=QueryData= nClientID = 1 [0]
20190116-18:36:28.158	=QueryData= nClientID = 1 [0]
20190116-18:38:28.162	=QueryData= nClientID = 1 [0]
20190116-18:40:28.165	=QueryData= nClientID = 1 [0]
20190116-18:42:28.167	=QueryData= nClientID = 1 [0]
20190116-18:44:28.170	=QueryData= nClientID = 1 [0]
20190116-18:46:28.174	=QueryData= nClientID = 1 [0]
20190116-18:48:28.178	=QueryData= nClientID = 1 [0]
20190116-18:50:28.180	=QueryData= nClientID = 1 [0]
20190116-18:52:28.184	=QueryData= nClientID = 1 [0]
20190116-18:54:28.187	=QueryData= nClientID = 1 [0]
20190116-18:56:28.189	=QueryData= nClientID = 1 [0]
20190116-18:58:28.193	=QueryData= nClientID = 1 [0]
20190116-19:00:28.196	=QueryData= nClientID = 1 [0]
