20190114-15:46:05.677	=OpenTdx=
20190114-15:46:05.680	=LogonEx= 56,121.43.74.163:7708,51303703
20190114-15:46:05.680	=CheckLicense= 56,121.43.74.163:7708,51303703
20190114-15:46:05.683	=CloseTdx=
20190114-15:47:25.711	=OpenTdx=
20190114-15:47:25.715	=LogonEx= 56,121.43.74.163:7708,51303703
20190114-15:47:25.715	=CheckLicense= 56,121.43.74.163:7708,51303703
20190114-15:47:25.717	=CloseTdx=
20190114-15:48:05.965	=OpenTdx=
20190114-15:48:05.969	=LogonEx= 56,121.43.74.163:7708,51303703
20190114-15:48:05.969	=CheckLicense= 56,121.43.74.163:7708,51303703
20190114-15:48:05.971	=CloseTdx=
20190114-15:50:49.615	=OpenTdx=
20190114-15:50:49.622	=LogonEx= 56,121.43.74.163:7708,51303703
20190114-15:50:49.622	=CheckLicense= 56,121.43.74.163:7708,51303703
20190114-15:50:55.631	=QueryData= nClientID = 1 [0]
20190114-15:52:55.625	=QueryData= nClientID = 1 [0]
20190114-15:54:55.629	=QueryData= nClientID = 1 [0]
20190114-15:56:55.633	=QueryData= nClientID = 1 [0]
20190114-15:58:55.637	=QueryData= nClientID = 1 [0]
20190114-16:00:55.640	=QueryData= nClientID = 1 [0]
20190114-16:02:55.644	=QueryData= nClientID = 1 [0]
20190114-16:04:55.647	=QueryData= nClientID = 1 [0]
20190114-16:06:55.651	=QueryData= nClientID = 1 [0]
20190114-16:08:55.654	=QueryData= nClientID = 1 [0]
20190114-16:10:55.658	=QueryData= nClientID = 1 [0]
20190114-16:12:55.662	=QueryData= nClientID = 1 [0]
20190114-16:14:55.666	=QueryData= nClientID = 1 [0]
20190114-16:16:55.673	=QueryData= nClientID = 1 [0]
20190114-16:18:55.673	=QueryData= nClientID = 1 [0]
20190114-16:20:55.676	=QueryData= nClientID = 1 [0]
20190114-16:22:55.685	=QueryData= nClientID = 1 [0]
20190114-16:24:55.684	=QueryData= nClientID = 1 [0]
20190114-16:26:55.687	=QueryData= nClientID = 1 [0]
20190114-16:28:55.691	=QueryData= nClientID = 1 [0]
20190114-16:30:55.694	=QueryData= nClientID = 1 [0]
20190114-16:32:55.698	=QueryData= nClientID = 1 [0]
20190114-16:34:55.701	=QueryData= nClientID = 1 [0]
20190114-16:36:55.705	=QueryData= nClientID = 1 [0]
20190114-16:38:55.708	=QueryData= nClientID = 1 [0]
20190114-16:40:55.713	=QueryData= nClientID = 1 [0]
20190114-16:42:55.717	=QueryData= nClientID = 1 [0]
20190114-16:44:55.719	=QueryData= nClientID = 1 [0]
20190114-16:46:55.723	=QueryData= nClientID = 1 [0]
20190114-16:48:55.728	=QueryData= nClientID = 1 [0]
20190114-16:50:55.731	=QueryData= nClientID = 1 [0]
20190114-16:52:55.733	=QueryData= nClientID = 1 [0]
20190114-16:54:55.737	=QueryData= nClientID = 1 [0]
20190114-16:56:55.741	=QueryData= nClientID = 1 [0]
20190114-16:57:41.785	=QueryData= nClientID = 1 [4]
20190114-16:58:55.746	=QueryData= nClientID = 1 [0]
20190114-17:00:55.748	=QueryData= nClientID = 1 [0]
20190114-17:02:55.751	=QueryData= nClientID = 1 [0]
20190114-17:04:55.755	=QueryData= nClientID = 1 [0]
20190114-17:06:55.760	=QueryData= nClientID = 1 [0]
20190114-17:08:55.762	=QueryData= nClientID = 1 [0]
20190114-17:10:55.766	=QueryData= nClientID = 1 [0]
20190114-17:11:36.479	=QueryData= nClientID = 1 [3]
20190114-17:12:20.098	=QueryData= nClientID = 1 [3]
20190114-17:12:55.770	=QueryData= nClientID = 1 [0]
20190114-17:14:55.774	=QueryData= nClientID = 1 [0]
20190114-17:16:55.777	=QueryData= nClientID = 1 [0]
20190114-17:18:55.780	=QueryData= nClientID = 1 [0]
20190114-17:20:55.784	=QueryData= nClientID = 1 [0]
20190114-17:22:55.788	=QueryData= nClientID = 1 [0]
20190114-17:24:55.791	=QueryData= nClientID = 1 [0]
20190114-17:26:55.795	=QueryData= nClientID = 1 [0]
20190114-17:28:55.799	=QueryData= nClientID = 1 [0]
20190114-17:30:55.802	=QueryData= nClientID = 1 [0]
20190114-17:32:55.806	=QueryData= nClientID = 1 [0]
20190114-17:34:55.811	=QueryData= nClientID = 1 [0]
20190114-17:36:55.813	=QueryData= nClientID = 1 [0]
20190114-17:38:55.816	=QueryData= nClientID = 1 [0]
20190114-17:40:55.820	=QueryData= nClientID = 1 [0]
20190114-17:42:55.824	=QueryData= nClientID = 1 [0]
20190114-17:44:55.828	=QueryData= nClientID = 1 [0]
20190114-17:46:55.830	=QueryData= nClientID = 1 [0]
20190114-17:48:55.834	=QueryData= nClientID = 1 [0]
20190114-17:50:55.838	=QueryData= nClientID = 1 [0]
20190114-17:52:55.841	=QueryData= nClientID = 1 [0]
20190114-17:54:55.845	=QueryData= nClientID = 1 [0]
20190114-17:56:55.851	=QueryData= nClientID = 1 [0]
20190114-17:58:55.854	=QueryData= nClientID = 1 [0]
20190114-18:00:55.857	=QueryData= nClientID = 1 [0]
20190114-18:02:55.859	=QueryData= nClientID = 1 [0]
20190114-18:04:55.864	=QueryData= nClientID = 1 [0]
20190114-18:06:55.867	=QueryData= nClientID = 1 [0]
20190114-18:08:55.870	=QueryData= nClientID = 1 [0]
20190114-18:10:55.874	=QueryData= nClientID = 1 [0]
20190114-18:12:55.878	=QueryData= nClientID = 1 [0]
20190114-18:14:55.882	=QueryData= nClientID = 1 [0]
20190114-18:16:55.884	=QueryData= nClientID = 1 [0]
20190114-18:18:55.888	=QueryData= nClientID = 1 [0]
20190114-18:20:55.892	=QueryData= nClientID = 1 [0]
20190114-18:22:55.896	=QueryData= nClientID = 1 [0]
20190114-18:24:55.899	=QueryData= nClientID = 1 [0]
20190114-18:26:55.903	=QueryData= nClientID = 1 [0]
20190114-18:28:55.907	=QueryData= nClientID = 1 [0]
20190114-18:30:55.909	=QueryData= nClientID = 1 [0]
20190114-18:32:55.913	=QueryData= nClientID = 1 [0]
20190114-18:34:55.917	=QueryData= nClientID = 1 [0]
20190114-18:36:55.921	=QueryData= nClientID = 1 [0]
20190114-18:38:55.924	=QueryData= nClientID = 1 [0]
20190114-18:40:55.928	=QueryData= nClientID = 1 [0]
20190114-18:42:55.932	=QueryData= nClientID = 1 [0]
20190114-18:44:55.937	=QueryData= nClientID = 1 [0]
20190114-18:46:55.938	=QueryData= nClientID = 1 [0]
20190114-18:48:55.944	=QueryData= nClientID = 1 [0]
20190114-18:50:55.946	=QueryData= nClientID = 1 [0]
20190114-18:52:55.950	=QueryData= nClientID = 1 [0]
20190114-18:54:55.953	=QueryData= nClientID = 1 [0]
20190114-18:56:55.957	=QueryData= nClientID = 1 [0]
20190114-18:58:55.962	=QueryData= nClientID = 1 [0]
20190114-19:00:55.963	=QueryData= nClientID = 1 [0]
20190114-19:02:55.967	=QueryData= nClientID = 1 [0]
20190114-19:04:55.975	=QueryData= nClientID = 1 [0]
20190114-19:06:55.975	=QueryData= nClientID = 1 [0]
